<?xml version="1.0" encoding="UTF-8" ?>
<testsuite tests="2" failures="1" name="hptest.HomePageTest" time="28.672" errors="0" skipped="0">
  <properties>
[...]
</properties>
  <testcase classname="hptest.HomePageTest" name="firstTest" time="28.199">
    <failure message="Unable to locate element: .//*[@id=&apos;naviCenter&apos;]/h4[1]
For documentation on this error, please visit: http://seleniumhq.org/exceptions/no_such_element.html
Build info: version: &apos;3.0.1&apos;, revision: &apos;1969d75&apos;, time: &apos;2016-10-18 09:49:13 -0700&apos;
System info: host: &apos;Shuvashish&apos;, ip: &apos;192.168.123.1&apos;, os.name: &apos;Windows 10&apos;, os.arch: &apos;amd64&apos;, os.version: &apos;10.0&apos;, java.version: &apos;1.8.0_60&apos;
Driver info: org.openqa.selenium.firefox.FirefoxDriver
Capabilities [{rotatable=false, raisesAccessibilityExceptions=false, marionette=true, firefoxOptions={args=[], prefs={}}, appBuildId=20170125094131, moz:firefoxOptions={args=[], prefs={}}, version=, platform=XP, proxy={}, command_id=1, specificationLevel=0, acceptSslCerts=false, processId=11916, browserVersion=51.0.1, platformVersion=10.0, XULappId={ec8030f7-c20a-464f-9b0e-13a3a9e97384}, browserName=firefox, takesScreenshot=true, takesElementScreenshot=true, platformName=windows_nt}]
Session ID: f531edc0-26f6-4d34-ba8d-56e7faf8cb95
*** Element info: {Using=xpath, value=.//*[@id=&apos;naviCenter&apos;]/h4[1]}" type="org.openqa.selenium.NoSuchElementException">org.openqa.selenium.NoSuchElementException: Unable to locate element: .//*[@id=&apos;naviCenter&apos;]/h4[1]
For documentation on this error, please visit: http://seleniumhq.org/exceptions/no_such_element.html
Build info: version: &apos;3.0.1&apos;, revision: &apos;1969d75&apos;, time: &apos;2016-10-18 09:49:13 -0700&apos;
System info: host: &apos;Shuvashish&apos;, ip: &apos;192.168.123.1&apos;, os.name: &apos;Windows 10&apos;, os.arch: &apos;amd64&apos;, os.version: &apos;10.0&apos;, java.version: &apos;1.8.0_60&apos;
Driver info: org.openqa.selenium.firefox.FirefoxDriver
Capabilities [{rotatable=false, raisesAccessibilityExceptions=false, marionette=true, firefoxOptions={args=[], prefs={}}, appBuildId=20170125094131, moz:firefoxOptions={args=[], prefs={}}, version=, platform=XP, proxy={}, command_id=1, specificationLevel=0, acceptSslCerts=false, processId=11916, browserVersion=51.0.1, platformVersion=10.0, XULappId={ec8030f7-c20a-464f-9b0e-13a3a9e97384}, browserName=firefox, takesScreenshot=true, takesElementScreenshot=true, platformName=windows_nt}]
Session ID: f531edc0-26f6-4d34-ba8d-56e7faf8cb95
*** Element info: {Using=xpath, value=.//*[@id=&apos;naviCenter&apos;]/h4[1]}
	at sun.reflect.NativeConstructorAccessorImpl.newInstance0(Native Method)
	at sun.reflect.NativeConstructorAccessorImpl.newInstance(NativeConstructorAccessorImpl.java:62)
	at sun.reflect.DelegatingConstructorAccessorImpl.newInstance(DelegatingConstructorAccessorImpl.java:45)
	at java.lang.reflect.Constructor.newInstance(Constructor.java:422)
	at org.openqa.selenium.remote.http.W3CHttpResponseCodec.createException(W3CHttpResponseCodec.java:127)
	at org.openqa.selenium.remote.http.W3CHttpResponseCodec.decode(W3CHttpResponseCodec.java:93)
	at org.openqa.selenium.remote.http.W3CHttpResponseCodec.decode(W3CHttpResponseCodec.java:42)
	at org.openqa.selenium.remote.HttpCommandExecutor.execute(HttpCommandExecutor.java:163)
	at org.openqa.selenium.remote.service.DriverCommandExecutor.execute(DriverCommandExecutor.java:82)
	at org.openqa.selenium.remote.RemoteWebDriver.execute(RemoteWebDriver.java:601)
	at org.openqa.selenium.remote.RemoteWebDriver.findElement(RemoteWebDriver.java:368)
	at org.openqa.selenium.remote.RemoteWebDriver.findElementByXPath(RemoteWebDriver.java:473)
	at org.openqa.selenium.By$ByXPath.findElement(By.java:361)
	at org.openqa.selenium.remote.RemoteWebDriver.findElement(RemoteWebDriver.java:360)
	at org.openqa.selenium.support.pagefactory.DefaultElementLocator.findElement(DefaultElementLocator.java:69)
	at org.openqa.selenium.support.pagefactory.internal.LocatingElementHandler.invoke(LocatingElementHandler.java:38)
	at com.sun.proxy.$Proxy3.isDisplayed(Unknown Source)
	at mens.MensJeans.verifyClothingSizePresent(MensJeans.java:13)
	at hptest.HomePageTest.firstTest(HomePageTest.java:22)
</failure>
    <system-err>Feb 04, 2017 3:41:00 PM org.openqa.selenium.remote.ProtocolHandshake createSession
INFO: Attempting bi-dialect session, assuming Postel&apos;s Law holds true on the remote end
1486240861603	Marionette	INFO	Listening on port 51891
Feb 04, 2017 3:41:04 PM org.openqa.selenium.remote.ProtocolHandshake createSession
INFO: Detected dialect: W3C
1486240867048	Marionette	WARN	Using deprecated data structure for setting timeouts
</system-err>
  </testcase>
  <testcase classname="hptest.HomePageTest" name="secondTest" time="0"/>
</testsuite>