<?xml version="1.0" encoding="UTF-8"?>
<testng-results skipped="0" failed="0" total="1" passed="1">
  <reporter-output>
  </reporter-output>
  <suite name="hptest.HomePageTest" duration-ms="6766" started-at="2017-01-21T20:36:22Z" finished-at="2017-01-21T20:36:29Z">
    <groups>
    </groups>
    <test name="Command line test" duration-ms="6766" started-at="2017-01-21T20:36:22Z" finished-at="2017-01-21T20:36:29Z">
      <class name="hptest.HomePageTest">
        <test-method status="PASS" signature="firstTest()[pri:0, instance:hptest.HomePageTest@4411d970]" name="firstTest" duration-ms="6755" started-at="2017-01-21T15:36:22Z" finished-at="2017-01-21T15:36:29Z">
          <reporter-output>
          </reporter-output>
        </test-method> <!-- firstTest -->
      </class> <!-- hptest.HomePageTest -->
    </test> <!-- Command line test -->
  </suite> <!-- hptest.HomePageTest -->
</testng-results>
